<?xml version="1.0" encoding="UTF-8" ?>
<testsuite tests="4" failures="0" name="step_definitions.RunCukesTest" time="0.011" errors="2" skipped="0">
  <properties>
[...]
</properties>
  <testcase classname="Scenario: &quot;Users Click Scroll to Koleksi Unggulan&quot;" name="Given User open website perpusnas" time="0.005"/>
  <testcase classname="Scenario: &quot;Users Click Scroll to Koleksi Unggulan&quot;" name="When click Menu Beranda" time="0"/>
  <testcase classname="Scenario: &quot;Users Click Scroll to Koleksi Unggulan&quot;" name="Then User Click All Content in Koleksi Unggulan 5" time="0.003">
    <error message="Indeks 5 tidak valid untuk elemen slick-slide." type="java.lang.IndexOutOfBoundsException">java.lang.IndexOutOfBoundsException: Indeks 5 tidak valid untuk elemen slick-slide.
	at step_definitions.BerandaReviewSteps.userClickAllContentInKoleksiUnggulan(BerandaReviewSteps.java:121)
	at ✽.Then User Click All Content in Koleksi Unggulan 5(features/Beranda/beranda-review.feature:17)
</error>
    <system-out>
  Background:                         &amp;#27;[90m# features/Beranda/beranda-review.feature:3&amp;#27;[0m
    &amp;#27;[32mGiven &amp;#27;[0m&amp;#27;[32mUser open website perpusnas&amp;#27;[0m &amp;#27;[90m# BerandaSteps.userOpenWebsitePerpusnas()&amp;#27;[0m
    &amp;#27;[32mWhen &amp;#27;[0m&amp;#27;[32mclick Menu Beranda&amp;#27;[0m           &amp;#27;[90m# BerandaSteps.clickMenuBeranda()&amp;#27;[0m
</system-out>
  </testcase>
  <testcase classname="Scenario: &quot;Users Click Scroll to Koleksi Unggulan&quot;" name="Scenario: &quot;Users Click Scroll to Koleksi Unggulan&quot;" time="0.003">
    <error message="Indeks 5 tidak valid untuk elemen slick-slide." type="java.lang.IndexOutOfBoundsException">java.lang.IndexOutOfBoundsException: Indeks 5 tidak valid untuk elemen slick-slide.
	at step_definitions.BerandaReviewSteps.userClickAllContentInKoleksiUnggulan(BerandaReviewSteps.java:121)
	at ✽.Then User Click All Content in Koleksi Unggulan 5(features/Beranda/beranda-review.feature:17)
</error>
  </testcase>
</testsuite>