<?xml version="1.0" encoding="UTF-8" ?>
<testsuite tests="4" failures="0" name="step_definitions.RunCukesTest" time="2.127" errors="0" skipped="0">
  <properties>
[...]
</properties>
  <testcase classname="Scenario: &quot;Users Click Scroll to Berita Terbaru&quot;" name="Given User open website perpusnas" time="0.004"/>
  <testcase classname="Scenario: &quot;Users Click Scroll to Berita Terbaru&quot;" name="When click Menu Beranda" time="0"/>
  <testcase classname="Scenario: &quot;Users Click Scroll to Berita Terbaru&quot;" name="Then User Click All Content in Berita Terbaru" time="0"/>
  <testcase classname="Scenario: &quot;Users Click Scroll to Berita Terbaru&quot;" name="Scenario: &quot;Users Click Scroll to Berita Terbaru&quot;" time="2.123"/>
</testsuite>